2013-12-10 15:55:17 Error: Fatal Error (4): syntax error, unexpected T_SL in [/var/www/unieventos/app/Controller/UsuariosController.php, line 9]
2013-12-10 15:55:17 Error: [FatalErrorException] syntax error, unexpected T_SL
Request URL: /unieventos/usuarios/cadastro
Stack Trace:
#0 /var/www/unieventos/lib/Cake/Error/ErrorHandler.php(205): ErrorHandler::handleFatalError(4, 'syntax error, u...', '/var/www/unieve...', 9)
#1 [internal function]: ErrorHandler::handleError(4, 'syntax error, u...', '/var/www/unieve...', 9, Array)
#2 /var/www/unieventos/lib/Cake/Core/App.php(931): call_user_func('ErrorHandler::h...', 4, 'syntax error, u...', '/var/www/unieve...', 9, Array)
#3 /var/www/unieventos/lib/Cake/Core/App.php(904): App::_checkFatalError()
#4 [internal function]: App::shutdown()
#5 {main}
2013-12-10 15:58:03 Error: [MissingControllerException] Controller class CssController could not be found.
Exception Attributes: array (
  'class' => 'CssController',
  'plugin' => NULL,
)
Request URL: /unieventos/css/login.css
Stack Trace:
#0 /var/www/unieventos/app/webroot/index.php(110): Dispatcher->dispatch(Object(CakeRequest), Object(CakeResponse))
#1 {main}
2013-12-10 15:58:03 Error: [MissingControllerException] Controller class CssController could not be found.
Exception Attributes: array (
  'class' => 'CssController',
  'plugin' => NULL,
)
Request URL: /unieventos/css/bootstrap3.css
Stack Trace:
#0 /var/www/unieventos/app/webroot/index.php(110): Dispatcher->dispatch(Object(CakeRequest), Object(CakeResponse))
#1 {main}
2013-12-10 16:28:08 Error: [MissingControllerException] Controller class CssController could not be found.
Exception Attributes: array (
  'class' => 'CssController',
  'plugin' => NULL,
)
Request URL: /unieventos/css/bootstrap3.css
Stack Trace:
#0 /var/www/unieventos/app/webroot/index.php(110): Dispatcher->dispatch(Object(CakeRequest), Object(CakeResponse))
#1 {main}
2013-12-10 16:28:08 Error: [MissingControllerException] Controller class CssController could not be found.
Exception Attributes: array (
  'class' => 'CssController',
  'plugin' => NULL,
)
Request URL: /unieventos/css/login.css
Stack Trace:
#0 /var/www/unieventos/app/webroot/index.php(110): Dispatcher->dispatch(Object(CakeRequest), Object(CakeResponse))
#1 {main}
2013-12-10 16:31:18 Error: Fatal Error (4): syntax error, unexpected '(', expecting ')' in [/var/www/unieventos/app/Model/Usuario.php, line 57]
2013-12-10 16:31:18 Error: [FatalErrorException] syntax error, unexpected '(', expecting ')'
Request URL: /unieventos/usuarios/cadastro
Stack Trace:
#0 /var/www/unieventos/lib/Cake/Error/ErrorHandler.php(205): ErrorHandler::handleFatalError(4, 'syntax error, u...', '/var/www/unieve...', 57)
#1 [internal function]: ErrorHandler::handleError(4, 'syntax error, u...', '/var/www/unieve...', 57, Array)
#2 /var/www/unieventos/lib/Cake/Core/App.php(931): call_user_func('ErrorHandler::h...', 4, 'syntax error, u...', '/var/www/unieve...', 57, Array)
#3 /var/www/unieventos/lib/Cake/Core/App.php(904): App::_checkFatalError()
#4 [internal function]: App::shutdown()
#5 {main}
2013-12-10 16:36:26 Error: [MissingControllerException] Controller class CssController could not be found.
Exception Attributes: array (
  'class' => 'CssController',
  'plugin' => NULL,
)
Request URL: /unieventos/css/bootstrap3.css
Stack Trace:
#0 /var/www/unieventos/app/webroot/index.php(110): Dispatcher->dispatch(Object(CakeRequest), Object(CakeResponse))
#1 {main}
2013-12-10 16:36:26 Error: [MissingControllerException] Controller class CssController could not be found.
Exception Attributes: array (
  'class' => 'CssController',
  'plugin' => NULL,
)
Request URL: /unieventos/css/login.css
Stack Trace:
#0 /var/www/unieventos/app/webroot/index.php(110): Dispatcher->dispatch(Object(CakeRequest), Object(CakeResponse))
#1 {main}
2013-12-10 16:46:04 Error: [MissingActionException] Action EventosController::admin_index() could not be found.
Exception Attributes: array (
  'controller' => 'EventosController',
  'action' => 'admin_index',
)
Request URL: /unieventos/admin/eventos
Stack Trace:
#0 /var/www/unieventos/lib/Cake/Routing/Dispatcher.php(187): Controller->invokeAction(Object(CakeRequest))
#1 /var/www/unieventos/lib/Cake/Routing/Dispatcher.php(162): Dispatcher->_invoke(Object(EventosController), Object(CakeRequest), Object(CakeResponse))
#2 /var/www/unieventos/app/webroot/index.php(110): Dispatcher->dispatch(Object(CakeRequest), Object(CakeResponse))
#3 {main}
2013-12-10 16:49:43 Error: [MissingViewException] View file "/var/www/unieventos/app/View/Eventos/admin_index.ctp" is missing.
Exception Attributes: array (
  'file' => '/var/www/unieventos/app/View/Eventos/admin_index.ctp',
)
Request URL: /unieventos/admin/eventos
Stack Trace:
#0 /var/www/unieventos/lib/Cake/View/View.php(459): View->_getViewFileName(NULL)
#1 /var/www/unieventos/lib/Cake/Controller/Controller.php(952): View->render(NULL, NULL)
#2 /var/www/unieventos/lib/Cake/Routing/Dispatcher.php(194): Controller->render()
#3 /var/www/unieventos/lib/Cake/Routing/Dispatcher.php(162): Dispatcher->_invoke(Object(EventosController), Object(CakeRequest), Object(CakeResponse))
#4 /var/www/unieventos/app/webroot/index.php(110): Dispatcher->dispatch(Object(CakeRequest), Object(CakeResponse))
#5 {main}
2013-12-10 16:58:17 Error: [MissingControllerException] Controller class JsController could not be found.
Exception Attributes: array (
  'class' => 'JsController',
  'plugin' => NULL,
)
Request URL: /unieventos/js/admin/jquery.min.map
Stack Trace:
#0 /var/www/unieventos/app/webroot/index.php(110): Dispatcher->dispatch(Object(CakeRequest), Object(CakeResponse))
#1 {main}
2013-12-10 16:59:15 Error: Fatal Error (4): syntax error, unexpected T_CLASS in [/var/www/unieventos/app/View/Eventos/admin_index.ctp, line 34]
2013-12-10 16:59:15 Error: [FatalErrorException] syntax error, unexpected T_CLASS
Request URL: /unieventos/admin/eventos
Stack Trace:
#0 /var/www/unieventos/lib/Cake/Error/ErrorHandler.php(205): ErrorHandler::handleFatalError(4, 'syntax error, u...', '/var/www/unieve...', 34)
#1 [internal function]: ErrorHandler::handleError(4, 'syntax error, u...', '/var/www/unieve...', 34, Array)
#2 /var/www/unieventos/lib/Cake/Core/App.php(931): call_user_func('ErrorHandler::h...', 4, 'syntax error, u...', '/var/www/unieve...', 34, Array)
#3 /var/www/unieventos/lib/Cake/Core/App.php(904): App::_checkFatalError()
#4 [internal function]: App::shutdown()
#5 {main}
2013-12-10 16:59:15 Error: [MissingControllerException] Controller class JsController could not be found.
Exception Attributes: array (
  'class' => 'JsController',
  'plugin' => NULL,
)
Request URL: /unieventos/js/admin/jquery.min.map
Stack Trace:
#0 /var/www/unieventos/app/webroot/index.php(110): Dispatcher->dispatch(Object(CakeRequest), Object(CakeResponse))
#1 {main}
2013-12-10 16:59:33 Error: [MissingControllerException] Controller class JsController could not be found.
Exception Attributes: array (
  'class' => 'JsController',
  'plugin' => NULL,
)
Request URL: /unieventos/js/admin/jquery.min.map
Stack Trace:
#0 /var/www/unieventos/app/webroot/index.php(110): Dispatcher->dispatch(Object(CakeRequest), Object(CakeResponse))
#1 {main}
2013-12-10 16:59:46 Error: [MissingControllerException] Controller class JsController could not be found.
Exception Attributes: array (
  'class' => 'JsController',
  'plugin' => NULL,
)
Request URL: /unieventos/js/admin/jquery.min.map
Stack Trace:
#0 /var/www/unieventos/app/webroot/index.php(110): Dispatcher->dispatch(Object(CakeRequest), Object(CakeResponse))
#1 {main}
2013-12-10 16:59:57 Error: [MissingControllerException] Controller class JsController could not be found.
Exception Attributes: array (
  'class' => 'JsController',
  'plugin' => NULL,
)
Request URL: /unieventos/js/admin/jquery.min.map
Stack Trace:
#0 /var/www/unieventos/app/webroot/index.php(110): Dispatcher->dispatch(Object(CakeRequest), Object(CakeResponse))
#1 {main}
2013-12-10 17:00:09 Error: [MissingControllerException] Controller class JsController could not be found.
Exception Attributes: array (
  'class' => 'JsController',
  'plugin' => NULL,
)
Request URL: /unieventos/js/admin/jquery.min.map
Stack Trace:
#0 /var/www/unieventos/app/webroot/index.php(110): Dispatcher->dispatch(Object(CakeRequest), Object(CakeResponse))
#1 {main}
2013-12-10 17:03:43 Error: [MissingControllerException] Controller class JsController could not be found.
Exception Attributes: array (
  'class' => 'JsController',
  'plugin' => NULL,
)
Request URL: /unieventos/js/admin/jquery.min.map
Stack Trace:
#0 /var/www/unieventos/app/webroot/index.php(110): Dispatcher->dispatch(Object(CakeRequest), Object(CakeResponse))
#1 {main}
2013-12-10 17:08:55 Error: [MissingControllerException] Controller class JsController could not be found.
Exception Attributes: array (
  'class' => 'JsController',
  'plugin' => NULL,
)
Request URL: /unieventos/js/admin/jquery.min.map
Stack Trace:
#0 /var/www/unieventos/app/webroot/index.php(110): Dispatcher->dispatch(Object(CakeRequest), Object(CakeResponse))
#1 {main}
2013-12-10 17:10:11 Error: [MissingControllerException] Controller class JsController could not be found.
Exception Attributes: array (
  'class' => 'JsController',
  'plugin' => NULL,
)
Request URL: /unieventos/js/admin/jquery.min.map
Stack Trace:
#0 /var/www/unieventos/app/webroot/index.php(110): Dispatcher->dispatch(Object(CakeRequest), Object(CakeResponse))
#1 {main}
2013-12-10 17:10:25 Error: [MissingControllerException] Controller class JsController could not be found.
Exception Attributes: array (
  'class' => 'JsController',
  'plugin' => NULL,
)
Request URL: /unieventos/js/admin/jquery.min.map
Stack Trace:
#0 /var/www/unieventos/app/webroot/index.php(110): Dispatcher->dispatch(Object(CakeRequest), Object(CakeResponse))
#1 {main}
2013-12-10 17:11:13 Error: [MissingControllerException] Controller class JsController could not be found.
Exception Attributes: array (
  'class' => 'JsController',
  'plugin' => NULL,
)
Request URL: /unieventos/js/admin/jquery.min.map
Stack Trace:
#0 /var/www/unieventos/app/webroot/index.php(110): Dispatcher->dispatch(Object(CakeRequest), Object(CakeResponse))
#1 {main}
2013-12-10 17:23:05 Error: [MissingControllerException] Controller class CssController could not be found.
Exception Attributes: array (
  'class' => 'CssController',
  'plugin' => NULL,
)
Request URL: /unieventos/css/login.css
Stack Trace:
#0 /var/www/unieventos/app/webroot/index.php(110): Dispatcher->dispatch(Object(CakeRequest), Object(CakeResponse))
#1 {main}
2013-12-10 17:23:05 Error: [MissingControllerException] Controller class CssController could not be found.
Exception Attributes: array (
  'class' => 'CssController',
  'plugin' => NULL,
)
Request URL: /unieventos/css/bootstrap3.css
Stack Trace:
#0 /var/www/unieventos/app/webroot/index.php(110): Dispatcher->dispatch(Object(CakeRequest), Object(CakeResponse))
#1 {main}
2013-12-10 17:25:47 Error: [MissingControllerException] Controller class CssController could not be found.
Exception Attributes: array (
  'class' => 'CssController',
  'plugin' => NULL,
)
Request URL: /unieventos/css/bootstrap3.css
Stack Trace:
#0 /var/www/unieventos/app/webroot/index.php(110): Dispatcher->dispatch(Object(CakeRequest), Object(CakeResponse))
#1 {main}
2013-12-10 17:25:47 Error: [MissingControllerException] Controller class CssController could not be found.
Exception Attributes: array (
  'class' => 'CssController',
  'plugin' => NULL,
)
Request URL: /unieventos/css/login.css
Stack Trace:
#0 /var/www/unieventos/app/webroot/index.php(110): Dispatcher->dispatch(Object(CakeRequest), Object(CakeResponse))
#1 {main}
2013-12-10 17:34:34 Error: [MissingControllerException] Controller class CssController could not be found.
Exception Attributes: array (
  'class' => 'CssController',
  'plugin' => NULL,
)
Request URL: /unieventos/css/login.css
Stack Trace:
#0 /var/www/unieventos/app/webroot/index.php(110): Dispatcher->dispatch(Object(CakeRequest), Object(CakeResponse))
#1 {main}
2013-12-10 17:34:34 Error: [MissingControllerException] Controller class CssController could not be found.
Exception Attributes: array (
  'class' => 'CssController',
  'plugin' => NULL,
)
Request URL: /unieventos/css/bootstrap3.css
Stack Trace:
#0 /var/www/unieventos/app/webroot/index.php(110): Dispatcher->dispatch(Object(CakeRequest), Object(CakeResponse))
#1 {main}
2013-12-12 01:06:14 Error: [MissingControllerException] Controller class CssController could not be found.
Exception Attributes: array (
  'class' => 'CssController',
  'plugin' => NULL,
)
Request URL: /unieventos/css/bootstrap3.css
Stack Trace:
#0 /var/www/unieventos/app/webroot/index.php(110): Dispatcher->dispatch(Object(CakeRequest), Object(CakeResponse))
#1 {main}
2013-12-12 01:06:14 Error: [MissingControllerException] Controller class CssController could not be found.
Exception Attributes: array (
  'class' => 'CssController',
  'plugin' => NULL,
)
Request URL: /unieventos/css/login.css
Stack Trace:
#0 /var/www/unieventos/app/webroot/index.php(110): Dispatcher->dispatch(Object(CakeRequest), Object(CakeResponse))
#1 {main}
2013-12-12 01:19:49 Error: [MissingControllerException] Controller class CssController could not be found.
Exception Attributes: array (
  'class' => 'CssController',
  'plugin' => NULL,
)
Request URL: /unieventos/css/bootstrap3.css
Stack Trace:
#0 /var/www/unieventos/app/webroot/index.php(110): Dispatcher->dispatch(Object(CakeRequest), Object(CakeResponse))
#1 {main}
2013-12-12 01:19:49 Error: [MissingControllerException] Controller class CssController could not be found.
Exception Attributes: array (
  'class' => 'CssController',
  'plugin' => NULL,
)
Request URL: /unieventos/css/login.css
Stack Trace:
#0 /var/www/unieventos/app/webroot/index.php(110): Dispatcher->dispatch(Object(CakeRequest), Object(CakeResponse))
#1 {main}
2013-12-12 01:43:36 Error: [MissingControllerException] Controller class CssController could not be found.
Exception Attributes: array (
  'class' => 'CssController',
  'plugin' => NULL,
)
Request URL: /unieventos/css/login.css
Stack Trace:
#0 /var/www/unieventos/app/webroot/index.php(110): Dispatcher->dispatch(Object(CakeRequest), Object(CakeResponse))
#1 {main}
2013-12-12 01:43:36 Error: [MissingControllerException] Controller class CssController could not be found.
Exception Attributes: array (
  'class' => 'CssController',
  'plugin' => NULL,
)
Request URL: /unieventos/css/bootstrap3.css
Stack Trace:
#0 /var/www/unieventos/app/webroot/index.php(110): Dispatcher->dispatch(Object(CakeRequest), Object(CakeResponse))
#1 {main}
2013-12-12 01:43:49 Error: [MissingControllerException] Controller class CssController could not be found.
Exception Attributes: array (
  'class' => 'CssController',
  'plugin' => NULL,
)
Request URL: /unieventos/css/bootstrap3.css
Stack Trace:
#0 /var/www/unieventos/app/webroot/index.php(110): Dispatcher->dispatch(Object(CakeRequest), Object(CakeResponse))
#1 {main}
2013-12-12 01:43:49 Error: [MissingControllerException] Controller class CssController could not be found.
Exception Attributes: array (
  'class' => 'CssController',
  'plugin' => NULL,
)
Request URL: /unieventos/css/login.css
Stack Trace:
#0 /var/www/unieventos/app/webroot/index.php(110): Dispatcher->dispatch(Object(CakeRequest), Object(CakeResponse))
#1 {main}
2013-12-12 01:47:00 Error: Fatal Error (4): syntax error, unexpected ';' in [/var/www/unieventos/app/View/Eventos/admin_lista_aprovacoes.ctp, line 28]
2013-12-12 01:47:00 Error: [FatalErrorException] syntax error, unexpected ';'
Request URL: /unieventos/admin/eventos/listaAprovacoes
Stack Trace:
#0 /var/www/unieventos/lib/Cake/Error/ErrorHandler.php(205): ErrorHandler::handleFatalError(4, 'syntax error, u...', '/var/www/unieve...', 28)
#1 [internal function]: ErrorHandler::handleError(4, 'syntax error, u...', '/var/www/unieve...', 28, Array)
#2 /var/www/unieventos/lib/Cake/Core/App.php(931): call_user_func('ErrorHandler::h...', 4, 'syntax error, u...', '/var/www/unieve...', 28, Array)
#3 /var/www/unieventos/lib/Cake/Core/App.php(904): App::_checkFatalError()
#4 [internal function]: App::shutdown()
#5 {main}
2013-12-12 01:50:32 Error: [MissingControllerException] Controller class JsController could not be found.
Exception Attributes: array (
  'class' => 'JsController',
  'plugin' => NULL,
)
Request URL: /unieventos/js/admin/jquery.min.map
Stack Trace:
#0 /var/www/unieventos/app/webroot/index.php(110): Dispatcher->dispatch(Object(CakeRequest), Object(CakeResponse))
#1 {main}
2013-12-12 01:52:03 Error: [MissingControllerException] Controller class JsController could not be found.
Exception Attributes: array (
  'class' => 'JsController',
  'plugin' => NULL,
)
Request URL: /unieventos/js/admin/jquery.min.map
Stack Trace:
#0 /var/www/unieventos/app/webroot/index.php(110): Dispatcher->dispatch(Object(CakeRequest), Object(CakeResponse))
#1 {main}
2013-12-12 01:59:28 Error: Fatal Error (4): syntax error, unexpected T_IS_EQUAL, expecting ')' in [/var/www/unieventos/app/Controller/EventosController.php, line 28]
2013-12-12 01:59:28 Error: [FatalErrorException] syntax error, unexpected T_IS_EQUAL, expecting ')'
Request URL: /unieventos/admin/eventos/listaAprovacoes
Stack Trace:
#0 /var/www/unieventos/lib/Cake/Error/ErrorHandler.php(205): ErrorHandler::handleFatalError(4, 'syntax error, u...', '/var/www/unieve...', 28)
#1 [internal function]: ErrorHandler::handleError(4, 'syntax error, u...', '/var/www/unieve...', 28, Array)
#2 /var/www/unieventos/lib/Cake/Core/App.php(931): call_user_func('ErrorHandler::h...', 4, 'syntax error, u...', '/var/www/unieve...', 28, Array)
#3 /var/www/unieventos/lib/Cake/Core/App.php(904): App::_checkFatalError()
#4 [internal function]: App::shutdown()
#5 {main}
2013-12-12 02:19:19 Error: [MissingViewException] View file "/var/www/unieventos/app/View/Eventos/admin_aprovacao.ctp" is missing.
Exception Attributes: array (
  'file' => '/var/www/unieventos/app/View/Eventos/admin_aprovacao.ctp',
)
Request URL: /unieventos/admin/eventos/aprovacao/7
Stack Trace:
#0 /var/www/unieventos/lib/Cake/View/View.php(459): View->_getViewFileName(NULL)
#1 /var/www/unieventos/lib/Cake/Controller/Controller.php(952): View->render(NULL, NULL)
#2 /var/www/unieventos/lib/Cake/Routing/Dispatcher.php(194): Controller->render()
#3 /var/www/unieventos/lib/Cake/Routing/Dispatcher.php(162): Dispatcher->_invoke(Object(EventosController), Object(CakeRequest), Object(CakeResponse))
#4 /var/www/unieventos/app/webroot/index.php(110): Dispatcher->dispatch(Object(CakeRequest), Object(CakeResponse))
#5 {main}
2013-12-12 02:38:05 Error: [MissingControllerException] Controller class JsController could not be found.
Exception Attributes: array (
  'class' => 'JsController',
  'plugin' => NULL,
)
Request URL: /unieventos/js/admin/jquery.min.map
Stack Trace:
#0 /var/www/unieventos/app/webroot/index.php(110): Dispatcher->dispatch(Object(CakeRequest), Object(CakeResponse))
#1 {main}
2013-12-12 02:38:51 Error: [MissingControllerException] Controller class JsController could not be found.
Exception Attributes: array (
  'class' => 'JsController',
  'plugin' => NULL,
)
Request URL: /unieventos/js/admin/jquery.min.map
Stack Trace:
#0 /var/www/unieventos/app/webroot/index.php(110): Dispatcher->dispatch(Object(CakeRequest), Object(CakeResponse))
#1 {main}
2013-12-12 02:40:55 Error: [MissingControllerException] Controller class CssController could not be found.
Exception Attributes: array (
  'class' => 'CssController',
  'plugin' => NULL,
)
Request URL: /unieventos/css/bootstrap3.css
Stack Trace:
#0 /var/www/unieventos/app/webroot/index.php(110): Dispatcher->dispatch(Object(CakeRequest), Object(CakeResponse))
#1 {main}
2013-12-12 02:40:55 Error: [MissingControllerException] Controller class CssController could not be found.
Exception Attributes: array (
  'class' => 'CssController',
  'plugin' => NULL,
)
Request URL: /unieventos/css/login.css
Stack Trace:
#0 /var/www/unieventos/app/webroot/index.php(110): Dispatcher->dispatch(Object(CakeRequest), Object(CakeResponse))
#1 {main}
2013-12-12 02:41:09 Error: [MissingControllerException] Controller class CssController could not be found.
Exception Attributes: array (
  'class' => 'CssController',
  'plugin' => NULL,
)
Request URL: /unieventos/css/login.css
Stack Trace:
#0 /var/www/unieventos/app/webroot/index.php(110): Dispatcher->dispatch(Object(CakeRequest), Object(CakeResponse))
#1 {main}
2013-12-12 02:41:09 Error: [MissingControllerException] Controller class CssController could not be found.
Exception Attributes: array (
  'class' => 'CssController',
  'plugin' => NULL,
)
Request URL: /unieventos/css/bootstrap3.css
Stack Trace:
#0 /var/www/unieventos/app/webroot/index.php(110): Dispatcher->dispatch(Object(CakeRequest), Object(CakeResponse))
#1 {main}
2013-12-12 02:43:17 Error: Fatal Error (4): syntax error, unexpected T_VARIABLE, expecting T_STRING in [/var/www/unieventos/app/Model/Evento.php, line 32]
2013-12-12 02:43:17 Error: [FatalErrorException] syntax error, unexpected T_VARIABLE, expecting T_STRING
Request URL: /unieventos/admin/eventos/listaAprovacoes
Stack Trace:
#0 /var/www/unieventos/lib/Cake/Error/ErrorHandler.php(205): ErrorHandler::handleFatalError(4, 'syntax error, u...', '/var/www/unieve...', 32)
#1 [internal function]: ErrorHandler::handleError(4, 'syntax error, u...', '/var/www/unieve...', 32, Array)
#2 /var/www/unieventos/lib/Cake/Core/App.php(931): call_user_func('ErrorHandler::h...', 4, 'syntax error, u...', '/var/www/unieve...', 32, Array)
#3 /var/www/unieventos/lib/Cake/Core/App.php(904): App::_checkFatalError()
#4 [internal function]: App::shutdown()
#5 {main}
2013-12-12 03:05:00 Error: [MissingControllerException] Controller class CssController could not be found.
Exception Attributes: array (
  'class' => 'CssController',
  'plugin' => NULL,
)
Request URL: /unieventos/css/login.css
Stack Trace:
#0 /var/www/unieventos/app/webroot/index.php(110): Dispatcher->dispatch(Object(CakeRequest), Object(CakeResponse))
#1 {main}
2013-12-12 03:05:00 Error: [MissingControllerException] Controller class CssController could not be found.
Exception Attributes: array (
  'class' => 'CssController',
  'plugin' => NULL,
)
Request URL: /unieventos/css/bootstrap3.css
Stack Trace:
#0 /var/www/unieventos/app/webroot/index.php(110): Dispatcher->dispatch(Object(CakeRequest), Object(CakeResponse))
#1 {main}
2013-12-12 03:09:48 Error: [MissingActionException] Action EventosController::admin_deletar() could not be found.
Exception Attributes: array (
  'controller' => 'EventosController',
  'action' => 'admin_deletar',
)
Request URL: /unieventos/admin/eventos/deletar/7
Stack Trace:
#0 /var/www/unieventos/lib/Cake/Routing/Dispatcher.php(187): Controller->invokeAction(Object(CakeRequest))
#1 /var/www/unieventos/lib/Cake/Routing/Dispatcher.php(162): Dispatcher->_invoke(Object(EventosController), Object(CakeRequest), Object(CakeResponse))
#2 /var/www/unieventos/app/webroot/index.php(110): Dispatcher->dispatch(Object(CakeRequest), Object(CakeResponse))
#3 {main}
2013-12-12 03:09:59 Error: [MissingActionException] Action EventosController::admin_deletar() could not be found.
Exception Attributes: array (
  'controller' => 'EventosController',
  'action' => 'admin_deletar',
)
Request URL: /unieventos/admin/eventos/deletar/7
Stack Trace:
#0 /var/www/unieventos/lib/Cake/Routing/Dispatcher.php(187): Controller->invokeAction(Object(CakeRequest))
#1 /var/www/unieventos/lib/Cake/Routing/Dispatcher.php(162): Dispatcher->_invoke(Object(EventosController), Object(CakeRequest), Object(CakeResponse))
#2 /var/www/unieventos/app/webroot/index.php(110): Dispatcher->dispatch(Object(CakeRequest), Object(CakeResponse))
#3 {main}
2013-12-12 03:11:10 Error: [MissingControllerException] Controller class CssController could not be found.
Exception Attributes: array (
  'class' => 'CssController',
  'plugin' => NULL,
)
Request URL: /unieventos/css/login.css
Stack Trace:
#0 /var/www/unieventos/app/webroot/index.php(110): Dispatcher->dispatch(Object(CakeRequest), Object(CakeResponse))
#1 {main}
2013-12-12 03:11:10 Error: [MissingControllerException] Controller class CssController could not be found.
Exception Attributes: array (
  'class' => 'CssController',
  'plugin' => NULL,
)
Request URL: /unieventos/css/bootstrap3.css
Stack Trace:
#0 /var/www/unieventos/app/webroot/index.php(110): Dispatcher->dispatch(Object(CakeRequest), Object(CakeResponse))
#1 {main}
2013-12-12 03:17:59 Error: [MissingControllerException] Controller class CssController could not be found.
Exception Attributes: array (
  'class' => 'CssController',
  'plugin' => NULL,
)
Request URL: /unieventos/css/login.css
Stack Trace:
#0 /var/www/unieventos/app/webroot/index.php(110): Dispatcher->dispatch(Object(CakeRequest), Object(CakeResponse))
#1 {main}
2013-12-12 03:17:59 Error: [MissingControllerException] Controller class CssController could not be found.
Exception Attributes: array (
  'class' => 'CssController',
  'plugin' => NULL,
)
Request URL: /unieventos/css/bootstrap3.css
Stack Trace:
#0 /var/www/unieventos/app/webroot/index.php(110): Dispatcher->dispatch(Object(CakeRequest), Object(CakeResponse))
#1 {main}
2013-12-12 03:18:07 Error: [MissingControllerException] Controller class CssController could not be found.
Exception Attributes: array (
  'class' => 'CssController',
  'plugin' => NULL,
)
Request URL: /unieventos/css/bootstrap3.css
Stack Trace:
#0 /var/www/unieventos/app/webroot/index.php(110): Dispatcher->dispatch(Object(CakeRequest), Object(CakeResponse))
#1 {main}
2013-12-12 03:18:07 Error: [MissingControllerException] Controller class CssController could not be found.
Exception Attributes: array (
  'class' => 'CssController',
  'plugin' => NULL,
)
Request URL: /unieventos/css/login.css
Stack Trace:
#0 /var/www/unieventos/app/webroot/index.php(110): Dispatcher->dispatch(Object(CakeRequest), Object(CakeResponse))
#1 {main}
2013-12-12 03:18:43 Error: [PDOException] SQLSTATE[42S22]: Column not found: 1054 Unknown column 'Euser.usuarios_id' in 'on clause'
Request URL: /unieventos/admin/eventos/meusEventos
Stack Trace:
#0 /var/www/unieventos/lib/Cake/Model/Datasource/DboSource.php(460): PDOStatement->execute(Array)
#1 /var/www/unieventos/lib/Cake/Model/Datasource/DboSource.php(426): DboSource->_execute('SELECT *, `Even...', Array)
#2 /var/www/unieventos/lib/Cake/Model/Datasource/DboSource.php(666): DboSource->execute('SELECT *, `Even...', Array, Array)
#3 /var/www/unieventos/lib/Cake/Model/Datasource/DboSource.php(1077): DboSource->fetchAll('SELECT *, `Even...', false)
#4 /var/www/unieventos/lib/Cake/Model/Model.php(2880): DboSource->read(Object(Evento), Array)
#5 /var/www/unieventos/lib/Cake/Model/Model.php(2852): Model->_readDataSource('all', Array)
#6 /var/www/unieventos/app/Controller/EventosController.php(59): Model->find('all', Array)
#7 [internal function]: EventosController->admin_meusEventos()
#8 /var/www/unieventos/lib/Cake/Controller/Controller.php(490): ReflectionMethod->invokeArgs(Object(EventosController), Array)
#9 /var/www/unieventos/lib/Cake/Routing/Dispatcher.php(187): Controller->invokeAction(Object(CakeRequest))
#10 /var/www/unieventos/lib/Cake/Routing/Dispatcher.php(162): Dispatcher->_invoke(Object(EventosController), Object(CakeRequest), Object(CakeResponse))
#11 /var/www/unieventos/app/webroot/index.php(110): Dispatcher->dispatch(Object(CakeRequest), Object(CakeResponse))
#12 {main}
2013-12-12 03:20:55 Error: [PDOException] SQLSTATE[42S22]: Column not found: 1054 Unknown column 'Euser.usuarios_id' in 'on clause'
Request URL: /unieventos/admin/eventos/meusEventos
Stack Trace:
#0 /var/www/unieventos/lib/Cake/Model/Datasource/DboSource.php(460): PDOStatement->execute(Array)
#1 /var/www/unieventos/lib/Cake/Model/Datasource/DboSource.php(426): DboSource->_execute('SELECT *, `Even...', Array)
#2 /var/www/unieventos/lib/Cake/Model/Datasource/DboSource.php(666): DboSource->execute('SELECT *, `Even...', Array, Array)
#3 /var/www/unieventos/lib/Cake/Model/Datasource/DboSource.php(1077): DboSource->fetchAll('SELECT *, `Even...', false)
#4 /var/www/unieventos/lib/Cake/Model/Model.php(2880): DboSource->read(Object(Evento), Array)
#5 /var/www/unieventos/lib/Cake/Model/Model.php(2852): Model->_readDataSource('all', Array)
#6 /var/www/unieventos/app/Controller/EventosController.php(59): Model->find('all', Array)
#7 [internal function]: EventosController->admin_meusEventos()
#8 /var/www/unieventos/lib/Cake/Controller/Controller.php(490): ReflectionMethod->invokeArgs(Object(EventosController), Array)
#9 /var/www/unieventos/lib/Cake/Routing/Dispatcher.php(187): Controller->invokeAction(Object(CakeRequest))
#10 /var/www/unieventos/lib/Cake/Routing/Dispatcher.php(162): Dispatcher->_invoke(Object(EventosController), Object(CakeRequest), Object(CakeResponse))
#11 /var/www/unieventos/app/webroot/index.php(110): Dispatcher->dispatch(Object(CakeRequest), Object(CakeResponse))
#12 {main}
2013-12-12 03:22:43 Error: [PDOException] SQLSTATE[42S22]: Column not found: 1054 Unknown column 'Euser.usuarios_id' in 'on clause'
Request URL: /unieventos/admin/eventos/meusEventos
Stack Trace:
#0 /var/www/unieventos/lib/Cake/Model/Datasource/DboSource.php(460): PDOStatement->execute(Array)
#1 /var/www/unieventos/lib/Cake/Model/Datasource/DboSource.php(426): DboSource->_execute('SELECT *, `Even...', Array)
#2 /var/www/unieventos/lib/Cake/Model/Datasource/DboSource.php(666): DboSource->execute('SELECT *, `Even...', Array, Array)
#3 /var/www/unieventos/lib/Cake/Model/Datasource/DboSource.php(1077): DboSource->fetchAll('SELECT *, `Even...', false)
#4 /var/www/unieventos/lib/Cake/Model/Model.php(2880): DboSource->read(Object(Evento), Array)
#5 /var/www/unieventos/lib/Cake/Model/Model.php(2852): Model->_readDataSource('all', Array)
#6 /var/www/unieventos/app/Controller/EventosController.php(59): Model->find('all', Array)
#7 [internal function]: EventosController->admin_meusEventos()
#8 /var/www/unieventos/lib/Cake/Controller/Controller.php(490): ReflectionMethod->invokeArgs(Object(EventosController), Array)
#9 /var/www/unieventos/lib/Cake/Routing/Dispatcher.php(187): Controller->invokeAction(Object(CakeRequest))
#10 /var/www/unieventos/lib/Cake/Routing/Dispatcher.php(162): Dispatcher->_invoke(Object(EventosController), Object(CakeRequest), Object(CakeResponse))
#11 /var/www/unieventos/app/webroot/index.php(110): Dispatcher->dispatch(Object(CakeRequest), Object(CakeResponse))
#12 {main}
2013-12-12 03:23:24 Error: [MissingControllerException] Controller class CssController could not be found.
Exception Attributes: array (
  'class' => 'CssController',
  'plugin' => NULL,
)
Request URL: /unieventos/css/bootstrap3.css
Stack Trace:
#0 /var/www/unieventos/app/webroot/index.php(110): Dispatcher->dispatch(Object(CakeRequest), Object(CakeResponse))
#1 {main}
2013-12-12 03:23:24 Error: [MissingControllerException] Controller class CssController could not be found.
Exception Attributes: array (
  'class' => 'CssController',
  'plugin' => NULL,
)
Request URL: /unieventos/css/login.css
Stack Trace:
#0 /var/www/unieventos/app/webroot/index.php(110): Dispatcher->dispatch(Object(CakeRequest), Object(CakeResponse))
#1 {main}
2013-12-12 03:23:59 Error: [MissingControllerException] Controller class CssController could not be found.
Exception Attributes: array (
  'class' => 'CssController',
  'plugin' => NULL,
)
Request URL: /unieventos/css/login.css
Stack Trace:
#0 /var/www/unieventos/app/webroot/index.php(110): Dispatcher->dispatch(Object(CakeRequest), Object(CakeResponse))
#1 {main}
2013-12-12 03:23:59 Error: [MissingControllerException] Controller class CssController could not be found.
Exception Attributes: array (
  'class' => 'CssController',
  'plugin' => NULL,
)
Request URL: /unieventos/css/bootstrap3.css
Stack Trace:
#0 /var/www/unieventos/app/webroot/index.php(110): Dispatcher->dispatch(Object(CakeRequest), Object(CakeResponse))
#1 {main}
2013-12-12 03:24:03 Error: [MissingControllerException] Controller class CssController could not be found.
Exception Attributes: array (
  'class' => 'CssController',
  'plugin' => NULL,
)
Request URL: /unieventos/css/bootstrap3.css
Stack Trace:
#0 /var/www/unieventos/app/webroot/index.php(110): Dispatcher->dispatch(Object(CakeRequest), Object(CakeResponse))
#1 {main}
2013-12-12 03:24:03 Error: [MissingControllerException] Controller class CssController could not be found.
Exception Attributes: array (
  'class' => 'CssController',
  'plugin' => NULL,
)
Request URL: /unieventos/css/login.css
Stack Trace:
#0 /var/www/unieventos/app/webroot/index.php(110): Dispatcher->dispatch(Object(CakeRequest), Object(CakeResponse))
#1 {main}
2013-12-12 03:44:44 Error: Fatal Error (4): syntax error, unexpected '}' in [/var/www/unieventos/app/Controller/ProgramacoesController.php, line 9]
2013-12-12 03:44:44 Error: [FatalErrorException] syntax error, unexpected '}'
Request URL: /unieventos/admin/programacoes/index/10
Stack Trace:
#0 /var/www/unieventos/lib/Cake/Error/ErrorHandler.php(205): ErrorHandler::handleFatalError(4, 'syntax error, u...', '/var/www/unieve...', 9)
#1 [internal function]: ErrorHandler::handleError(4, 'syntax error, u...', '/var/www/unieve...', 9, Array)
#2 /var/www/unieventos/lib/Cake/Core/App.php(931): call_user_func('ErrorHandler::h...', 4, 'syntax error, u...', '/var/www/unieve...', 9, Array)
#3 /var/www/unieventos/lib/Cake/Core/App.php(904): App::_checkFatalError()
#4 [internal function]: App::shutdown()
#5 {main}
2013-12-12 04:00:47 Error: [PDOException] SQLSTATE[42S22]: Column not found: 1054 Unknown column 'eventos_id' in 'where clause'
Request URL: /unieventos/admin/programacoes/
Stack Trace:
#0 /var/www/unieventos/lib/Cake/Model/Datasource/DboSource.php(460): PDOStatement->execute(Array)
#1 /var/www/unieventos/lib/Cake/Model/Datasource/DboSource.php(426): DboSource->_execute('SELECT `Program...', Array)
#2 /var/www/unieventos/lib/Cake/Model/Datasource/DboSource.php(666): DboSource->execute('SELECT `Program...', Array, Array)
#3 /var/www/unieventos/lib/Cake/Model/Datasource/DboSource.php(1077): DboSource->fetchAll('SELECT `Program...', false)
#4 /var/www/unieventos/lib/Cake/Model/Model.php(2880): DboSource->read(Object(Programacao), Array)
#5 /var/www/unieventos/lib/Cake/Model/Model.php(2852): Model->_readDataSource('all', Array)
#6 /var/www/unieventos/app/Controller/ProgramacoesController.php(8): Model->find('all', Array)
#7 [internal function]: ProgramacoesController->admin_index()
#8 /var/www/unieventos/lib/Cake/Controller/Controller.php(490): ReflectionMethod->invokeArgs(Object(ProgramacoesController), Array)
#9 /var/www/unieventos/lib/Cake/Routing/Dispatcher.php(187): Controller->invokeAction(Object(CakeRequest))
#10 /var/www/unieventos/lib/Cake/Routing/Dispatcher.php(162): Dispatcher->_invoke(Object(ProgramacoesController), Object(CakeRequest), Object(CakeResponse))
#11 /var/www/unieventos/app/webroot/index.php(110): Dispatcher->dispatch(Object(CakeRequest), Object(CakeResponse))
#12 {main}
2013-12-12 04:02:46 Error: [PDOException] SQLSTATE[42S22]: Column not found: 1054 Unknown column 'eventos_id' in 'where clause'
Request URL: /unieventos/admin/programacoes/
Stack Trace:
#0 /var/www/unieventos/lib/Cake/Model/Datasource/DboSource.php(460): PDOStatement->execute(Array)
#1 /var/www/unieventos/lib/Cake/Model/Datasource/DboSource.php(426): DboSource->_execute('SELECT `Program...', Array)
#2 /var/www/unieventos/lib/Cake/Model/Datasource/DboSource.php(666): DboSource->execute('SELECT `Program...', Array, Array)
#3 /var/www/unieventos/lib/Cake/Model/Datasource/DboSource.php(1077): DboSource->fetchAll('SELECT `Program...', false)
#4 /var/www/unieventos/lib/Cake/Model/Model.php(2880): DboSource->read(Object(Programacao), Array)
#5 /var/www/unieventos/lib/Cake/Model/Model.php(2852): Model->_readDataSource('all', Array)
#6 /var/www/unieventos/app/Controller/ProgramacoesController.php(8): Model->find('all', Array)
#7 [internal function]: ProgramacoesController->admin_index()
#8 /var/www/unieventos/lib/Cake/Controller/Controller.php(490): ReflectionMethod->invokeArgs(Object(ProgramacoesController), Array)
#9 /var/www/unieventos/lib/Cake/Routing/Dispatcher.php(187): Controller->invokeAction(Object(CakeRequest))
#10 /var/www/unieventos/lib/Cake/Routing/Dispatcher.php(162): Dispatcher->_invoke(Object(ProgramacoesController), Object(CakeRequest), Object(CakeResponse))
#11 /var/www/unieventos/app/webroot/index.php(110): Dispatcher->dispatch(Object(CakeRequest), Object(CakeResponse))
#12 {main}
2013-12-12 04:07:36 Error: [PDOException] SQLSTATE[42S22]: Column not found: 1054 Unknown column 'eventos_id' in 'where clause'
Request URL: /unieventos/admin/programacoes/index/10
Stack Trace:
#0 /var/www/unieventos/lib/Cake/Model/Datasource/DboSource.php(460): PDOStatement->execute(Array)
#1 /var/www/unieventos/lib/Cake/Model/Datasource/DboSource.php(426): DboSource->_execute('SELECT `Program...', Array)
#2 /var/www/unieventos/lib/Cake/Model/Datasource/DboSource.php(666): DboSource->execute('SELECT `Program...', Array, Array)
#3 /var/www/unieventos/lib/Cake/Model/Datasource/DboSource.php(1077): DboSource->fetchAll('SELECT `Program...', false)
#4 /var/www/unieventos/lib/Cake/Model/Model.php(2880): DboSource->read(Object(Programacao), Array)
#5 /var/www/unieventos/lib/Cake/Model/Model.php(2852): Model->_readDataSource('all', Array)
#6 /var/www/unieventos/app/Controller/ProgramacoesController.php(8): Model->find('all', Array)
#7 [internal function]: ProgramacoesController->admin_index('10')
#8 /var/www/unieventos/lib/Cake/Controller/Controller.php(490): ReflectionMethod->invokeArgs(Object(ProgramacoesController), Array)
#9 /var/www/unieventos/lib/Cake/Routing/Dispatcher.php(187): Controller->invokeAction(Object(CakeRequest))
#10 /var/www/unieventos/lib/Cake/Routing/Dispatcher.php(162): Dispatcher->_invoke(Object(ProgramacoesController), Object(CakeRequest), Object(CakeResponse))
#11 /var/www/unieventos/app/webroot/index.php(110): Dispatcher->dispatch(Object(CakeRequest), Object(CakeResponse))
#12 {main}
2013-12-12 04:10:15 Error: Fatal Error (4): syntax error, unexpected ';' in [/var/www/unieventos/app/View/Programacoes/admin_index.ctp, line 2]
2013-12-12 04:10:15 Error: [FatalErrorException] syntax error, unexpected ';'
Request URL: /unieventos/admin/programacoes/index/10
Stack Trace:
#0 /var/www/unieventos/lib/Cake/Error/ErrorHandler.php(205): ErrorHandler::handleFatalError(4, 'syntax error, u...', '/var/www/unieve...', 2)
#1 [internal function]: ErrorHandler::handleError(4, 'syntax error, u...', '/var/www/unieve...', 2, Array)
#2 /var/www/unieventos/lib/Cake/Core/App.php(931): call_user_func('ErrorHandler::h...', 4, 'syntax error, u...', '/var/www/unieve...', 2, Array)
#3 /var/www/unieventos/lib/Cake/Core/App.php(904): App::_checkFatalError()
#4 [internal function]: App::shutdown()
#5 {main}
2013-12-12 04:16:29 Error: [PDOException] SQLSTATE[23000]: Integrity constraint violation: 1048 Column 'evento_id' cannot be null
Request URL: /unieventos/admin/programacoes/programacaoEvento
Stack Trace:
#0 /var/www/unieventos/lib/Cake/Model/Datasource/DboSource.php(460): PDOStatement->execute(Array)
#1 /var/www/unieventos/lib/Cake/Model/Datasource/DboSource.php(426): DboSource->_execute('INSERT INTO `un...', Array)
#2 /var/www/unieventos/lib/Cake/Model/Datasource/DboSource.php(1004): DboSource->execute('INSERT INTO `un...')
#3 /var/www/unieventos/lib/Cake/Model/Model.php(1827): DboSource->create(Object(Programacao), Array, Array)
#4 /var/www/unieventos/lib/Cake/Model/Model.php(2373): Model->save(Array, Array)
#5 /var/www/unieventos/lib/Cake/Model/Model.php(2163): Model->saveAssociated(Array, Array)
#6 /var/www/unieventos/app/Controller/ProgramacoesController.php(16): Model->saveAll(Array)
#7 [internal function]: ProgramacoesController->admin_programacaoEvento()
#8 /var/www/unieventos/lib/Cake/Controller/Controller.php(490): ReflectionMethod->invokeArgs(Object(ProgramacoesController), Array)
#9 /var/www/unieventos/lib/Cake/Routing/Dispatcher.php(187): Controller->invokeAction(Object(CakeRequest))
#10 /var/www/unieventos/lib/Cake/Routing/Dispatcher.php(162): Dispatcher->_invoke(Object(ProgramacoesController), Object(CakeRequest), Object(CakeResponse))
#11 /var/www/unieventos/app/webroot/index.php(110): Dispatcher->dispatch(Object(CakeRequest), Object(CakeResponse))
#12 {main}
2013-12-12 04:20:08 Error: [MissingControllerException] Controller class CssController could not be found.
Exception Attributes: array (
  'class' => 'CssController',
  'plugin' => NULL,
)
Request URL: /unieventos/css/bootstrap3.css
Stack Trace:
#0 /var/www/unieventos/app/webroot/index.php(110): Dispatcher->dispatch(Object(CakeRequest), Object(CakeResponse))
#1 {main}
2013-12-12 04:20:08 Error: [MissingControllerException] Controller class CssController could not be found.
Exception Attributes: array (
  'class' => 'CssController',
  'plugin' => NULL,
)
Request URL: /unieventos/css/login.css
Stack Trace:
#0 /var/www/unieventos/app/webroot/index.php(110): Dispatcher->dispatch(Object(CakeRequest), Object(CakeResponse))
#1 {main}
2013-12-12 04:20:41 Error: [MissingControllerException] Controller class CssController could not be found.
Exception Attributes: array (
  'class' => 'CssController',
  'plugin' => NULL,
)
Request URL: /unieventos/css/bootstrap3.css
Stack Trace:
#0 /var/www/unieventos/app/webroot/index.php(110): Dispatcher->dispatch(Object(CakeRequest), Object(CakeResponse))
#1 {main}
2013-12-12 04:20:41 Error: [MissingControllerException] Controller class CssController could not be found.
Exception Attributes: array (
  'class' => 'CssController',
  'plugin' => NULL,
)
Request URL: /unieventos/css/login.css
Stack Trace:
#0 /var/www/unieventos/app/webroot/index.php(110): Dispatcher->dispatch(Object(CakeRequest), Object(CakeResponse))
#1 {main}
2013-12-12 04:30:10 Error: [MissingModelException] Noticia
Request URL: /unieventos/admin/eventos/listaAprovacoes
Stack Trace:
#0 /var/www/unieventos/lib/Cake/Controller/Controller.php(1079): PaginatorComponent->paginate('Noticia', Array, Array)
#1 /var/www/unieventos/app/Controller/EventosController.php(72): Controller->paginate('Noticia')
#2 [internal function]: EventosController->admin_listaAprovacoes()
#3 /var/www/unieventos/lib/Cake/Controller/Controller.php(490): ReflectionMethod->invokeArgs(Object(EventosController), Array)
#4 /var/www/unieventos/lib/Cake/Routing/Dispatcher.php(187): Controller->invokeAction(Object(CakeRequest))
#5 /var/www/unieventos/lib/Cake/Routing/Dispatcher.php(162): Dispatcher->_invoke(Object(EventosController), Object(CakeRequest), Object(CakeResponse))
#6 /var/www/unieventos/app/webroot/index.php(110): Dispatcher->dispatch(Object(CakeRequest), Object(CakeResponse))
#7 {main}
2013-12-12 04:31:21 Error: [MissingModelException] Noticia
Request URL: /unieventos/admin/eventos/listaAprovacoes
Stack Trace:
#0 /var/www/unieventos/lib/Cake/Controller/Controller.php(1079): PaginatorComponent->paginate('Noticia', Array, Array)
#1 /var/www/unieventos/app/Controller/EventosController.php(72): Controller->paginate('Noticia')
#2 [internal function]: EventosController->admin_listaAprovacoes()
#3 /var/www/unieventos/lib/Cake/Controller/Controller.php(490): ReflectionMethod->invokeArgs(Object(EventosController), Array)
#4 /var/www/unieventos/lib/Cake/Routing/Dispatcher.php(187): Controller->invokeAction(Object(CakeRequest))
#5 /var/www/unieventos/lib/Cake/Routing/Dispatcher.php(162): Dispatcher->_invoke(Object(EventosController), Object(CakeRequest), Object(CakeResponse))
#6 /var/www/unieventos/app/webroot/index.php(110): Dispatcher->dispatch(Object(CakeRequest), Object(CakeResponse))
#7 {main}
2013-12-12 04:32:33 Error: [MissingControllerException] Controller class CssController could not be found.
Exception Attributes: array (
  'class' => 'CssController',
  'plugin' => NULL,
)
Request URL: /unieventos/css/bootstrap3.css
Stack Trace:
#0 /var/www/unieventos/app/webroot/index.php(110): Dispatcher->dispatch(Object(CakeRequest), Object(CakeResponse))
#1 {main}
2013-12-12 04:32:33 Error: [MissingControllerException] Controller class CssController could not be found.
Exception Attributes: array (
  'class' => 'CssController',
  'plugin' => NULL,
)
Request URL: /unieventos/css/login.css
Stack Trace:
#0 /var/www/unieventos/app/webroot/index.php(110): Dispatcher->dispatch(Object(CakeRequest), Object(CakeResponse))
#1 {main}
2013-12-12 04:37:22 Error: [MissingActionException] Action EventosController::admin_listaEventos() could not be found.
Exception Attributes: array (
  'controller' => 'EventosController',
  'action' => 'admin_listaEventos',
)
Request URL: /unieventos/admin/eventos/listaEventos
Stack Trace:
#0 /var/www/unieventos/lib/Cake/Routing/Dispatcher.php(187): Controller->invokeAction(Object(CakeRequest))
#1 /var/www/unieventos/lib/Cake/Routing/Dispatcher.php(162): Dispatcher->_invoke(Object(EventosController), Object(CakeRequest), Object(CakeResponse))
#2 /var/www/unieventos/app/webroot/index.php(110): Dispatcher->dispatch(Object(CakeRequest), Object(CakeResponse))
#3 {main}
2013-12-12 04:37:46 Error: [MissingActionException] Action EventosController::admin_listaEventos() could not be found.
Exception Attributes: array (
  'controller' => 'EventosController',
  'action' => 'admin_listaEventos',
)
Request URL: /unieventos/admin/eventos/listaEventos
Stack Trace:
#0 /var/www/unieventos/lib/Cake/Routing/Dispatcher.php(187): Controller->invokeAction(Object(CakeRequest))
#1 /var/www/unieventos/lib/Cake/Routing/Dispatcher.php(162): Dispatcher->_invoke(Object(EventosController), Object(CakeRequest), Object(CakeResponse))
#2 /var/www/unieventos/app/webroot/index.php(110): Dispatcher->dispatch(Object(CakeRequest), Object(CakeResponse))
#3 {main}
2013-12-12 04:37:50 Error: [MissingActionException] Action EventosController::admin_listarEventos() could not be found.
Exception Attributes: array (
  'controller' => 'EventosController',
  'action' => 'admin_listarEventos',
)
Request URL: /unieventos/admin/eventos/listarEventos
Stack Trace:
#0 /var/www/unieventos/lib/Cake/Routing/Dispatcher.php(187): Controller->invokeAction(Object(CakeRequest))
#1 /var/www/unieventos/lib/Cake/Routing/Dispatcher.php(162): Dispatcher->_invoke(Object(EventosController), Object(CakeRequest), Object(CakeResponse))
#2 /var/www/unieventos/app/webroot/index.php(110): Dispatcher->dispatch(Object(CakeRequest), Object(CakeResponse))
#3 {main}
2013-12-12 05:36:13 Error: [MissingControllerException] Controller class CssController could not be found.
Exception Attributes: array (
  'class' => 'CssController',
  'plugin' => NULL,
)
Request URL: /unieventos/css/bootstrap3.css
Stack Trace:
#0 /var/www/unieventos/app/webroot/index.php(110): Dispatcher->dispatch(Object(CakeRequest), Object(CakeResponse))
#1 {main}
2013-12-12 05:36:13 Error: [MissingControllerException] Controller class CssController could not be found.
Exception Attributes: array (
  'class' => 'CssController',
  'plugin' => NULL,
)
Request URL: /unieventos/css/login.css
Stack Trace:
#0 /var/www/unieventos/app/webroot/index.php(110): Dispatcher->dispatch(Object(CakeRequest), Object(CakeResponse))
#1 {main}
2013-12-12 05:42:32 Error: [MissingControllerException] Controller class CssController could not be found.
Exception Attributes: array (
  'class' => 'CssController',
  'plugin' => NULL,
)
Request URL: /unieventos/css/bootstrap3.css
Stack Trace:
#0 /var/www/unieventos/app/webroot/index.php(110): Dispatcher->dispatch(Object(CakeRequest), Object(CakeResponse))
#1 {main}
2013-12-12 05:42:32 Error: [MissingControllerException] Controller class CssController could not be found.
Exception Attributes: array (
  'class' => 'CssController',
  'plugin' => NULL,
)
Request URL: /unieventos/css/login.css
Stack Trace:
#0 /var/www/unieventos/app/webroot/index.php(110): Dispatcher->dispatch(Object(CakeRequest), Object(CakeResponse))
#1 {main}
2013-12-12 05:42:45 Error: [MissingActionException] Action EventosController::admin_inscrever() could not be found.
Exception Attributes: array (
  'controller' => 'EventosController',
  'action' => 'admin_inscrever',
)
Request URL: /unieventos/admin/eventos/inscrever/14
Stack Trace:
#0 /var/www/unieventos/lib/Cake/Routing/Dispatcher.php(187): Controller->invokeAction(Object(CakeRequest))
#1 /var/www/unieventos/lib/Cake/Routing/Dispatcher.php(162): Dispatcher->_invoke(Object(EventosController), Object(CakeRequest), Object(CakeResponse))
#2 /var/www/unieventos/app/webroot/index.php(110): Dispatcher->dispatch(Object(CakeRequest), Object(CakeResponse))
#3 {main}
2013-12-12 05:49:07 Error: [NotFoundException] Invalid post
Request URL: /unieventos/admin/eventos/inscricao/7
Stack Trace:
#0 [internal function]: EventosController->admin_inscricao('7')
#1 /var/www/unieventos/lib/Cake/Controller/Controller.php(490): ReflectionMethod->invokeArgs(Object(EventosController), Array)
#2 /var/www/unieventos/lib/Cake/Routing/Dispatcher.php(187): Controller->invokeAction(Object(CakeRequest))
#3 /var/www/unieventos/lib/Cake/Routing/Dispatcher.php(162): Dispatcher->_invoke(Object(EventosController), Object(CakeRequest), Object(CakeResponse))
#4 /var/www/unieventos/app/webroot/index.php(110): Dispatcher->dispatch(Object(CakeRequest), Object(CakeResponse))
#5 {main}
2013-12-12 05:55:22 Error: [MissingActionException] Action EventosController::admin_inscricao() could not be found.
Exception Attributes: array (
  'controller' => 'EventosController',
  'action' => 'admin_inscricao',
)
Request URL: /unieventos/admin/eventos/inscricao/7
Stack Trace:
#0 /var/www/unieventos/lib/Cake/Routing/Dispatcher.php(187): Controller->invokeAction(Object(CakeRequest))
#1 /var/www/unieventos/lib/Cake/Routing/Dispatcher.php(162): Dispatcher->_invoke(Object(EventosController), Object(CakeRequest), Object(CakeResponse))
#2 /var/www/unieventos/app/webroot/index.php(110): Dispatcher->dispatch(Object(CakeRequest), Object(CakeResponse))
#3 {main}
2013-12-12 05:56:15 Error: [MissingActionException] Action EventosController::admin_inscricao() could not be found.
Exception Attributes: array (
  'controller' => 'EventosController',
  'action' => 'admin_inscricao',
)
Request URL: /unieventos/admin/eventos/inscricao/7
Stack Trace:
#0 /var/www/unieventos/lib/Cake/Routing/Dispatcher.php(187): Controller->invokeAction(Object(CakeRequest))
#1 /var/www/unieventos/lib/Cake/Routing/Dispatcher.php(162): Dispatcher->_invoke(Object(EventosController), Object(CakeRequest), Object(CakeResponse))
#2 /var/www/unieventos/app/webroot/index.php(110): Dispatcher->dispatch(Object(CakeRequest), Object(CakeResponse))
#3 {main}
2013-12-12 05:57:42 Error: [MissingActionException] Action EventosController::admin_inscricao() could not be found.
Exception Attributes: array (
  'controller' => 'EventosController',
  'action' => 'admin_inscricao',
)
Request URL: /unieventos/admin/eventos/inscricao/7
Stack Trace:
#0 /var/www/unieventos/lib/Cake/Routing/Dispatcher.php(187): Controller->invokeAction(Object(CakeRequest))
#1 /var/www/unieventos/lib/Cake/Routing/Dispatcher.php(162): Dispatcher->_invoke(Object(EventosController), Object(CakeRequest), Object(CakeResponse))
#2 /var/www/unieventos/app/webroot/index.php(110): Dispatcher->dispatch(Object(CakeRequest), Object(CakeResponse))
#3 {main}
2013-12-12 05:59:33 Error: [MissingActionException] Action EventosController::admin_inscricao() could not be found.
Exception Attributes: array (
  'controller' => 'EventosController',
  'action' => 'admin_inscricao',
)
Request URL: /unieventos/admin/eventos/inscricao/7
Stack Trace:
#0 /var/www/unieventos/lib/Cake/Routing/Dispatcher.php(187): Controller->invokeAction(Object(CakeRequest))
#1 /var/www/unieventos/lib/Cake/Routing/Dispatcher.php(162): Dispatcher->_invoke(Object(EventosController), Object(CakeRequest), Object(CakeResponse))
#2 /var/www/unieventos/app/webroot/index.php(110): Dispatcher->dispatch(Object(CakeRequest), Object(CakeResponse))
#3 {main}
2013-12-12 06:02:26 Error: [MissingActionException] Action EventosController::admin_inscricao() could not be found.
Exception Attributes: array (
  'controller' => 'EventosController',
  'action' => 'admin_inscricao',
)
Request URL: /unieventos/admin/eventos/inscricao/7
Stack Trace:
#0 /var/www/unieventos/lib/Cake/Routing/Dispatcher.php(187): Controller->invokeAction(Object(CakeRequest))
#1 /var/www/unieventos/lib/Cake/Routing/Dispatcher.php(162): Dispatcher->_invoke(Object(EventosController), Object(CakeRequest), Object(CakeResponse))
#2 /var/www/unieventos/app/webroot/index.php(110): Dispatcher->dispatch(Object(CakeRequest), Object(CakeResponse))
#3 {main}
2013-12-12 06:02:59 Error: [MissingActionException] Action EventosController::admin_inscricao() could not be found.
Exception Attributes: array (
  'controller' => 'EventosController',
  'action' => 'admin_inscricao',
)
Request URL: /unieventos/admin/eventos/inscricao/7
Stack Trace:
#0 /var/www/unieventos/lib/Cake/Routing/Dispatcher.php(187): Controller->invokeAction(Object(CakeRequest))
#1 /var/www/unieventos/lib/Cake/Routing/Dispatcher.php(162): Dispatcher->_invoke(Object(EventosController), Object(CakeRequest), Object(CakeResponse))
#2 /var/www/unieventos/app/webroot/index.php(110): Dispatcher->dispatch(Object(CakeRequest), Object(CakeResponse))
#3 {main}
2013-12-12 09:43:19 Error: [MissingControllerException] Controller class CssController could not be found.
Exception Attributes: array (
  'class' => 'CssController',
  'plugin' => NULL,
)
Request URL: /unieventos/css/bootstrap3.css
Stack Trace:
#0 /var/www/unieventos/app/webroot/index.php(110): Dispatcher->dispatch(Object(CakeRequest), Object(CakeResponse))
#1 {main}
2013-12-12 09:43:19 Error: [MissingControllerException] Controller class CssController could not be found.
Exception Attributes: array (
  'class' => 'CssController',
  'plugin' => NULL,
)
Request URL: /unieventos/css/login.css
Stack Trace:
#0 /var/www/unieventos/app/webroot/index.php(110): Dispatcher->dispatch(Object(CakeRequest), Object(CakeResponse))
#1 {main}
2013-12-12 09:50:20 Error: [SocketException] SMTP timeout.
Request URL: /unieventos/admin/eventos/aprovacao/15
Stack Trace:
#0 /var/www/unieventos/lib/Cake/Network/Email/SmtpTransport.php(104): SmtpTransport->_smtpSend(NULL, '220')
#1 /var/www/unieventos/lib/Cake/Network/Email/SmtpTransport.php(61): SmtpTransport->_connect()
#2 /var/www/unieventos/lib/Cake/Network/Email/CakeEmail.php(1124): SmtpTransport->send(Object(CakeEmail))
#3 /var/www/unieventos/app/Controller/EventosController.php(84): CakeEmail->send('My message')
#4 [internal function]: EventosController->admin_aprovacao('15')
#5 /var/www/unieventos/lib/Cake/Controller/Controller.php(490): ReflectionMethod->invokeArgs(Object(EventosController), Array)
#6 /var/www/unieventos/lib/Cake/Routing/Dispatcher.php(187): Controller->invokeAction(Object(CakeRequest))
#7 /var/www/unieventos/lib/Cake/Routing/Dispatcher.php(162): Dispatcher->_invoke(Object(EventosController), Object(CakeRequest), Object(CakeResponse))
#8 /var/www/unieventos/app/webroot/index.php(110): Dispatcher->dispatch(Object(CakeRequest), Object(CakeResponse))
#9 {main}
2013-12-12 09:50:50 Error: [SocketException] SMTP timeout.
Request URL: /unieventos/admin/eventos/aprovacao/15
Stack Trace:
#0 /var/www/unieventos/lib/Cake/Network/Email/SmtpTransport.php(104): SmtpTransport->_smtpSend(NULL, '220')
#1 /var/www/unieventos/lib/Cake/Network/Email/SmtpTransport.php(61): SmtpTransport->_connect()
#2 /var/www/unieventos/lib/Cake/Network/Email/CakeEmail.php(1124): SmtpTransport->send(Object(CakeEmail))
#3 /var/www/unieventos/app/Controller/EventosController.php(84): CakeEmail->send('My message')
#4 [internal function]: EventosController->admin_aprovacao('15')
#5 /var/www/unieventos/lib/Cake/Controller/Controller.php(490): ReflectionMethod->invokeArgs(Object(EventosController), Array)
#6 /var/www/unieventos/lib/Cake/Routing/Dispatcher.php(187): Controller->invokeAction(Object(CakeRequest))
#7 /var/www/unieventos/lib/Cake/Routing/Dispatcher.php(162): Dispatcher->_invoke(Object(EventosController), Object(CakeRequest), Object(CakeResponse))
#8 /var/www/unieventos/app/webroot/index.php(110): Dispatcher->dispatch(Object(CakeRequest), Object(CakeResponse))
#9 {main}
2013-12-12 09:55:25 Error: [SocketException] SMTP timeout.
Request URL: /unieventos/admin/eventos/aprovacao/16
Stack Trace:
#0 /var/www/unieventos/lib/Cake/Network/Email/SmtpTransport.php(104): SmtpTransport->_smtpSend(NULL, '220')
#1 /var/www/unieventos/lib/Cake/Network/Email/SmtpTransport.php(61): SmtpTransport->_connect()
#2 /var/www/unieventos/lib/Cake/Network/Email/CakeEmail.php(1124): SmtpTransport->send(Object(CakeEmail))
#3 /var/www/unieventos/app/Controller/EventosController.php(84): CakeEmail->send()
#4 [internal function]: EventosController->admin_aprovacao('16')
#5 /var/www/unieventos/lib/Cake/Controller/Controller.php(490): ReflectionMethod->invokeArgs(Object(EventosController), Array)
#6 /var/www/unieventos/lib/Cake/Routing/Dispatcher.php(187): Controller->invokeAction(Object(CakeRequest))
#7 /var/www/unieventos/lib/Cake/Routing/Dispatcher.php(162): Dispatcher->_invoke(Object(EventosController), Object(CakeRequest), Object(CakeResponse))
#8 /var/www/unieventos/app/webroot/index.php(110): Dispatcher->dispatch(Object(CakeRequest), Object(CakeResponse))
#9 {main}
2013-12-12 10:23:03 Error: [MissingControllerException] Controller class CssController could not be found.
Exception Attributes: array (
  'class' => 'CssController',
  'plugin' => NULL,
)
Request URL: /unieventos/css/bootstrap3.css
Stack Trace:
#0 /var/www/unieventos/app/webroot/index.php(110): Dispatcher->dispatch(Object(CakeRequest), Object(CakeResponse))
#1 {main}
2013-12-12 10:23:03 Error: [MissingControllerException] Controller class CssController could not be found.
Exception Attributes: array (
  'class' => 'CssController',
  'plugin' => NULL,
)
Request URL: /unieventos/css/login.css
Stack Trace:
#0 /var/www/unieventos/app/webroot/index.php(110): Dispatcher->dispatch(Object(CakeRequest), Object(CakeResponse))
#1 {main}
2013-12-12 10:32:37 Error: [MissingPluginException] Plugin Upload could not be found.
Exception Attributes: array (
  'plugin' => 'Upload',
)
Request URL: /unieventos/usuarios/cadastro
Stack Trace:
#0 /var/www/unieventos/lib/Cake/Core/App.php(367): CakePlugin::path('Upload')
#1 /var/www/unieventos/lib/Cake/Core/App.php(228): App::pluginPath('Upload')
#2 /var/www/unieventos/lib/Cake/Core/App.php(549): App::path('Model/Behavior', 'Upload')
#3 [internal function]: App::load('UploadBehavior')
#4 [internal function]: spl_autoload_call('UploadBehavior')
#5 /var/www/unieventos/lib/Cake/Model/BehaviorCollection.php(122): class_exists('UploadBehavior')
#6 /var/www/unieventos/lib/Cake/Model/BehaviorCollection.php(68): BehaviorCollection->load('Upload.Upload', Array)
#7 /var/www/unieventos/lib/Cake/Model/Model.php(748): BehaviorCollection->init('Usuario', Array)
#8 [internal function]: Model->__construct(Array)
#9 /var/www/unieventos/lib/Cake/Utility/ClassRegistry.php(168): ReflectionClass->newInstance(Array)
#10 /var/www/unieventos/lib/Cake/Controller/Controller.php(738): ClassRegistry::init(Array)
#11 /var/www/unieventos/lib/Cake/Controller/Controller.php(367): Controller->loadModel('Usuario')
#12 /var/www/unieventos/lib/Cake/Controller/Controller.php(405): Controller->__isset('Usuario')
#13 /var/www/unieventos/app/Controller/UsuariosController.php(26): Controller->__get('Usuario')
#14 /var/www/unieventos/app/Controller/UsuariosController.php(21): UsuariosController->getEstado()
#15 [internal function]: UsuariosController->cadastro()
#16 /var/www/unieventos/lib/Cake/Controller/Controller.php(490): ReflectionMethod->invokeArgs(Object(UsuariosController), Array)
#17 /var/www/unieventos/lib/Cake/Routing/Dispatcher.php(187): Controller->invokeAction(Object(CakeRequest))
#18 /var/www/unieventos/lib/Cake/Routing/Dispatcher.php(162): Dispatcher->_invoke(Object(UsuariosController), Object(CakeRequest), Object(CakeResponse))
#19 /var/www/unieventos/app/webroot/index.php(110): Dispatcher->dispatch(Object(CakeRequest), Object(CakeResponse))
#20 {main}
2013-12-12 11:33:13 Error: [MissingControllerException] Controller class JsController could not be found.
Exception Attributes: array (
  'class' => 'JsController',
  'plugin' => NULL,
)
Request URL: /unieventos/js/1.9.1/jquery.min.map
Stack Trace:
#0 /var/www/unieventos/app/webroot/index.php(110): Dispatcher->dispatch(Object(CakeRequest), Object(CakeResponse))
#1 {main}
2013-12-12 11:33:38 Error: [MissingControllerException] Controller class JsController could not be found.
Exception Attributes: array (
  'class' => 'JsController',
  'plugin' => NULL,
)
Request URL: /unieventos/js/1.9.1/jquery.min.map
Stack Trace:
#0 /var/www/unieventos/app/webroot/index.php(110): Dispatcher->dispatch(Object(CakeRequest), Object(CakeResponse))
#1 {main}
2013-12-12 11:35:25 Error: Fatal Error (4): syntax error, unexpected T_FOREACH in [/var/www/unieventos/app/View/Elements/site/siteLat.ctp, line 11]
2013-12-12 11:35:25 Error: [FatalErrorException] syntax error, unexpected T_FOREACH
Request URL: /unieventos/
Stack Trace:
#0 /var/www/unieventos/lib/Cake/Error/ErrorHandler.php(205): ErrorHandler::handleFatalError(4, 'syntax error, u...', '/var/www/unieve...', 11)
#1 [internal function]: ErrorHandler::handleError(4, 'syntax error, u...', '/var/www/unieve...', 11, Array)
#2 /var/www/unieventos/lib/Cake/Core/App.php(931): call_user_func('ErrorHandler::h...', 4, 'syntax error, u...', '/var/www/unieve...', 11, Array)
#3 /var/www/unieventos/lib/Cake/Core/App.php(904): App::_checkFatalError()
#4 [internal function]: App::shutdown()
#5 {main}
2013-12-12 11:38:50 Error: Fatal Error (4): syntax error, unexpected T_FOREACH in [/var/www/unieventos/app/View/Elements/site/siteLat.ctp, line 11]
2013-12-12 11:38:50 Error: [FatalErrorException] syntax error, unexpected T_FOREACH
Request URL: /unieventos/
Stack Trace:
#0 /var/www/unieventos/lib/Cake/Error/ErrorHandler.php(205): ErrorHandler::handleFatalError(4, 'syntax error, u...', '/var/www/unieve...', 11)
#1 [internal function]: ErrorHandler::handleError(4, 'syntax error, u...', '/var/www/unieve...', 11, Array)
#2 /var/www/unieventos/lib/Cake/Core/App.php(931): call_user_func('ErrorHandler::h...', 4, 'syntax error, u...', '/var/www/unieve...', 11, Array)
#3 /var/www/unieventos/lib/Cake/Core/App.php(904): App::_checkFatalError()
#4 [internal function]: App::shutdown()
#5 {main}
2013-12-12 11:39:26 Error: Fatal Error (4): syntax error, unexpected T_STRING in [/var/www/unieventos/app/View/Elements/site/siteLat.ctp, line 11]
2013-12-12 11:39:26 Error: [FatalErrorException] syntax error, unexpected T_STRING
Request URL: /unieventos/
Stack Trace:
#0 /var/www/unieventos/lib/Cake/Error/ErrorHandler.php(205): ErrorHandler::handleFatalError(4, 'syntax error, u...', '/var/www/unieve...', 11)
#1 [internal function]: ErrorHandler::handleError(4, 'syntax error, u...', '/var/www/unieve...', 11, Array)
#2 /var/www/unieventos/lib/Cake/Core/App.php(931): call_user_func('ErrorHandler::h...', 4, 'syntax error, u...', '/var/www/unieve...', 11, Array)
#3 /var/www/unieventos/lib/Cake/Core/App.php(904): App::_checkFatalError()
#4 [internal function]: App::shutdown()
#5 {main}
2013-12-12 11:39:41 Error: Fatal Error (4): syntax error, unexpected '=', expecting ')' in [/var/www/unieventos/app/Controller/EventosController.php, line 97]
2013-12-12 11:39:41 Error: [FatalErrorException] syntax error, unexpected '=', expecting ')'
Request URL: /unieventos/
Stack Trace:
#0 /var/www/unieventos/lib/Cake/Error/ErrorHandler.php(205): ErrorHandler::handleFatalError(4, 'syntax error, u...', '/var/www/unieve...', 97)
#1 [internal function]: ErrorHandler::handleError(4, 'syntax error, u...', '/var/www/unieve...', 97, Array)
#2 /var/www/unieventos/lib/Cake/Core/App.php(931): call_user_func('ErrorHandler::h...', 4, 'syntax error, u...', '/var/www/unieve...', 97, Array)
#3 /var/www/unieventos/lib/Cake/Core/App.php(904): App::_checkFatalError()
#4 [internal function]: App::shutdown()
#5 {main}
2013-12-12 11:40:14 Error: Fatal Error (4): syntax error, unexpected '}' in [/var/www/unieventos/app/Controller/EventosController.php, line 103]
2013-12-12 11:40:14 Error: [FatalErrorException] syntax error, unexpected '}'
Request URL: /unieventos/
Stack Trace:
#0 /var/www/unieventos/lib/Cake/Error/ErrorHandler.php(205): ErrorHandler::handleFatalError(4, 'syntax error, u...', '/var/www/unieve...', 103)
#1 [internal function]: ErrorHandler::handleError(4, 'syntax error, u...', '/var/www/unieve...', 103, Array)
#2 /var/www/unieventos/lib/Cake/Core/App.php(931): call_user_func('ErrorHandler::h...', 4, 'syntax error, u...', '/var/www/unieve...', 103, Array)
#3 /var/www/unieventos/lib/Cake/Core/App.php(904): App::_checkFatalError()
#4 [internal function]: App::shutdown()
#5 {main}
2013-12-12 11:40:27 Error: [PDOException] SQLSTATE[42S22]: Column not found: 1054 Unknown column 'Evento.name' in 'field list'
Request URL: /unieventos/
Stack Trace:
#0 /var/www/unieventos/lib/Cake/Model/Datasource/DboSource.php(460): PDOStatement->execute(Array)
#1 /var/www/unieventos/lib/Cake/Model/Datasource/DboSource.php(426): DboSource->_execute('SELECT `Evento`...', Array)
#2 /var/www/unieventos/lib/Cake/Model/Datasource/DboSource.php(666): DboSource->execute('SELECT `Evento`...', Array, Array)
#3 /var/www/unieventos/lib/Cake/Model/Datasource/DboSource.php(1077): DboSource->fetchAll('SELECT `Evento`...', false)
#4 /var/www/unieventos/lib/Cake/Model/Model.php(2880): DboSource->read(Object(Evento), Array)
#5 /var/www/unieventos/lib/Cake/Model/Model.php(2852): Model->_readDataSource('list', Array)
#6 /var/www/unieventos/app/Controller/EventosController.php(101): Model->find('list', Array)
#7 [internal function]: EventosController->eventosRecentes()
#8 /var/www/unieventos/lib/Cake/Controller/Controller.php(490): ReflectionMethod->invokeArgs(Object(EventosController), Array)
#9 /var/www/unieventos/lib/Cake/Routing/Dispatcher.php(187): Controller->invokeAction(Object(CakeRequest))
#10 /var/www/unieventos/lib/Cake/Routing/Dispatcher.php(162): Dispatcher->_invoke(Object(EventosController), Object(CakeRequest), Object(CakeResponse))
#11 /var/www/unieventos/lib/Cake/Core/Object.php(106): Dispatcher->dispatch(Object(CakeRequest), Object(CakeResponse), Array)
#12 /var/www/unieventos/app/View/Elements/site/siteLat.ctp(10): Object->requestAction(Array)
#13 /var/www/unieventos/lib/Cake/View/View.php(931): include('/var/www/unieve...')
#14 /var/www/unieventos/lib/Cake/View/View.php(893): View->_evaluate('/var/www/unieve...', Array)
#15 /var/www/unieventos/lib/Cake/View/View.php(1191): View->_render('/var/www/unieve...', Array)
#16 /var/www/unieventos/lib/Cake/View/View.php(408): View->_renderElement('/var/www/unieve...', Array, Array)
#17 /var/www/unieventos/app/View/Layouts/default.ctp(61): View->element('site/siteLat')
#18 /var/www/unieventos/lib/Cake/View/View.php(931): include('/var/www/unieve...')
#19 /var/www/unieventos/lib/Cake/View/View.php(893): View->_evaluate('/var/www/unieve...', Array)
#20 /var/www/unieventos/lib/Cake/View/View.php(525): View->_render('/var/www/unieve...')
#21 /var/www/unieventos/lib/Cake/View/View.php(470): View->renderLayout('', 'default')
#22 /var/www/unieventos/lib/Cake/Controller/Controller.php(952): View->render('home', NULL)
#23 /var/www/unieventos/app/Controller/PagesController.php(70): Controller->render('home')
#24 [internal function]: PagesController->display('home')
#25 /var/www/unieventos/lib/Cake/Controller/Controller.php(490): ReflectionMethod->invokeArgs(Object(PagesController), Array)
#26 /var/www/unieventos/lib/Cake/Routing/Dispatcher.php(187): Controller->invokeAction(Object(CakeRequest))
#27 /var/www/unieventos/lib/Cake/Routing/Dispatcher.php(162): Dispatcher->_invoke(Object(PagesController), Object(CakeRequest), Object(CakeResponse))
#28 /var/www/unieventos/app/webroot/index.php(110): Dispatcher->dispatch(Object(CakeRequest), Object(CakeResponse))
#29 {main}
2013-12-12 11:49:58 Error: [MissingControllerException] Controller class CssController could not be found.
Exception Attributes: array (
  'class' => 'CssController',
  'plugin' => NULL,
)
Request URL: /unieventos/css/bootstrap3.css
Stack Trace:
#0 /var/www/unieventos/app/webroot/index.php(110): Dispatcher->dispatch(Object(CakeRequest), Object(CakeResponse))
#1 {main}
2013-12-12 11:49:58 Error: [MissingControllerException] Controller class CssController could not be found.
Exception Attributes: array (
  'class' => 'CssController',
  'plugin' => NULL,
)
Request URL: /unieventos/css/login.css
Stack Trace:
#0 /var/www/unieventos/app/webroot/index.php(110): Dispatcher->dispatch(Object(CakeRequest), Object(CakeResponse))
#1 {main}
2013-12-12 11:50:18 Error: [MissingControllerException] Controller class CssController could not be found.
Exception Attributes: array (
  'class' => 'CssController',
  'plugin' => NULL,
)
Request URL: /unieventos/css/login.css
Stack Trace:
#0 /var/www/unieventos/app/webroot/index.php(110): Dispatcher->dispatch(Object(CakeRequest), Object(CakeResponse))
#1 {main}
2013-12-12 11:50:18 Error: [MissingControllerException] Controller class CssController could not be found.
Exception Attributes: array (
  'class' => 'CssController',
  'plugin' => NULL,
)
Request URL: /unieventos/css/bootstrap3.css
Stack Trace:
#0 /var/www/unieventos/app/webroot/index.php(110): Dispatcher->dispatch(Object(CakeRequest), Object(CakeResponse))
#1 {main}
2013-12-12 12:22:15 Error: Fatal Error (1): Call to undefined function NOW() in [/var/www/unieventos/app/Controller/EventosController.php, line 111]
2013-12-12 12:22:15 Error: [FatalErrorException] Call to undefined function NOW()
Request URL: /unieventos/
Stack Trace:
#0 /var/www/unieventos/lib/Cake/Error/ErrorHandler.php(205): ErrorHandler::handleFatalError(1, 'Call to undefin...', '/var/www/unieve...', 111)
#1 [internal function]: ErrorHandler::handleError(1, 'Call to undefin...', '/var/www/unieve...', 111, Array)
#2 /var/www/unieventos/lib/Cake/Core/App.php(931): call_user_func('ErrorHandler::h...', 1, 'Call to undefin...', '/var/www/unieve...', 111, Array)
#3 /var/www/unieventos/lib/Cake/Core/App.php(904): App::_checkFatalError()
#4 [internal function]: App::shutdown()
#5 {main}
2013-12-12 12:22:44 Error: Fatal Error (1): Call to undefined function now() in [/var/www/unieventos/app/Controller/EventosController.php, line 111]
2013-12-12 12:22:44 Error: [FatalErrorException] Call to undefined function now()
Request URL: /unieventos/
Stack Trace:
#0 /var/www/unieventos/lib/Cake/Error/ErrorHandler.php(205): ErrorHandler::handleFatalError(1, 'Call to undefin...', '/var/www/unieve...', 111)
#1 [internal function]: ErrorHandler::handleError(1, 'Call to undefin...', '/var/www/unieve...', 111, Array)
#2 /var/www/unieventos/lib/Cake/Core/App.php(931): call_user_func('ErrorHandler::h...', 1, 'Call to undefin...', '/var/www/unieve...', 111, Array)
#3 /var/www/unieventos/lib/Cake/Core/App.php(904): App::_checkFatalError()
#4 [internal function]: App::shutdown()
#5 {main}
2013-12-12 12:24:44 Error: [PDOException] SQLSTATE[42S22]: Column not found: 1054 Unknown column 'aprovacaos' in 'where clause'
Request URL: /unieventos/
Stack Trace:
#0 /var/www/unieventos/lib/Cake/Model/Datasource/DboSource.php(460): PDOStatement->execute(Array)
#1 /var/www/unieventos/lib/Cake/Model/Datasource/DboSource.php(426): DboSource->_execute('SELECT `Evento`...', Array)
#2 /var/www/unieventos/lib/Cake/Model/Datasource/DboSource.php(666): DboSource->execute('SELECT `Evento`...', Array, Array)
#3 /var/www/unieventos/lib/Cake/Model/Datasource/DboSource.php(1077): DboSource->fetchAll('SELECT `Evento`...', false)
#4 /var/www/unieventos/lib/Cake/Model/Model.php(2880): DboSource->read(Object(Evento), Array)
#5 /var/www/unieventos/lib/Cake/Model/Model.php(2852): Model->_readDataSource('all', Array)
#6 /var/www/unieventos/app/Controller/EventosController.php(115): Model->find('all', Array)
#7 [internal function]: EventosController->eventosInicio()
#8 /var/www/unieventos/lib/Cake/Controller/Controller.php(490): ReflectionMethod->invokeArgs(Object(EventosController), Array)
#9 /var/www/unieventos/lib/Cake/Routing/Dispatcher.php(187): Controller->invokeAction(Object(CakeRequest))
#10 /var/www/unieventos/lib/Cake/Routing/Dispatcher.php(162): Dispatcher->_invoke(Object(EventosController), Object(CakeRequest), Object(CakeResponse))
#11 /var/www/unieventos/lib/Cake/Core/Object.php(106): Dispatcher->dispatch(Object(CakeRequest), Object(CakeResponse), Array)
#12 /var/www/unieventos/app/View/Elements/site/siteLat.ctp(17): Object->requestAction(Array)
#13 /var/www/unieventos/lib/Cake/View/View.php(931): include('/var/www/unieve...')
#14 /var/www/unieventos/lib/Cake/View/View.php(893): View->_evaluate('/var/www/unieve...', Array)
#15 /var/www/unieventos/lib/Cake/View/View.php(1191): View->_render('/var/www/unieve...', Array)
#16 /var/www/unieventos/lib/Cake/View/View.php(408): View->_renderElement('/var/www/unieve...', Array, Array)
#17 /var/www/unieventos/app/View/Layouts/default.ctp(61): View->element('site/siteLat')
#18 /var/www/unieventos/lib/Cake/View/View.php(931): include('/var/www/unieve...')
#19 /var/www/unieventos/lib/Cake/View/View.php(893): View->_evaluate('/var/www/unieve...', Array)
#20 /var/www/unieventos/lib/Cake/View/View.php(525): View->_render('/var/www/unieve...')
#21 /var/www/unieventos/lib/Cake/View/View.php(470): View->renderLayout('', 'default')
#22 /var/www/unieventos/lib/Cake/Controller/Controller.php(952): View->render('home', NULL)
#23 /var/www/unieventos/app/Controller/PagesController.php(70): Controller->render('home')
#24 [internal function]: PagesController->display('home')
#25 /var/www/unieventos/lib/Cake/Controller/Controller.php(490): ReflectionMethod->invokeArgs(Object(PagesController), Array)
#26 /var/www/unieventos/lib/Cake/Routing/Dispatcher.php(187): Controller->invokeAction(Object(CakeRequest))
#27 /var/www/unieventos/lib/Cake/Routing/Dispatcher.php(162): Dispatcher->_invoke(Object(PagesController), Object(CakeRequest), Object(CakeResponse))
#28 /var/www/unieventos/app/webroot/index.php(110): Dispatcher->dispatch(Object(CakeRequest), Object(CakeResponse))
#29 {main}
